{tag:Status, title:직원 0% 출근 완료, date:2022. 08. 11. 15:28:13}
{tag:Login, title:로그인 성공, name:김현빈, email:khb@naver.com, department:디자인팀, date:2022. 08. 11. 15:28:39}
{tag:Status, title:출근, name:김현빈, email:khb@naver.com, department:디자인팀, date:2022. 08. 11. 15:28:39}
{tag:Status, title:직원 25% 출근 완료, date:2022. 08. 11. 15:28:45}
{tag:Status, title:직원 25% 출근 완료, date:2022. 08. 11. 15:28:52}
{tag:Login, title:로그아웃, name:김현빈, email:khb@naver.com, department:디자인팀, date:2022. 08. 11. 15:29:00}
{tag:Status, title:퇴근, name:김현빈, email:khb@naver.com, department:디자인팀, date:2022. 08. 11. 15:29:00}
{tag:Login, title:로그인 성공, name:김현빈, email:khb@naver.com, department:디자인팀, date:2022. 08. 11. 15:29:07}
{tag:Status, title:출근, name:김현빈, email:khb@naver.com, department:디자인팀, date:2022. 08. 11. 15:29:07}
{tag:Status, title:직원 25% 출근 완료, date:2022. 08. 11. 15:29:18}
{tag:Status, title:직원 25% 출근 완료, date:2022. 08. 11. 15:31:31}
{tag:Login, title:로그아웃, name:김현빈, email:khb@naver.com, department:디자인팀, date:2022. 08. 11. 15:31:39}
{tag:Status, title:퇴근, name:김현빈, email:khb@naver.com, department:디자인팀, date:2022. 08. 11. 15:31:39}
{tag:@@Status, title:휴가, name:김은비, email:keb@naver.com, department:인사팀, date:2022. 08. 11. 15:31:53}
{tag:Login, title:로그인 성공, name:김현빈, email:khb@naver.com, department:디자인팀, date:2022. 08. 11. 15:32:08}
{tag:Status, title:출근, name:김현빈, email:khb@naver.com, department:디자인팀, date:2022. 08. 11. 15:32:08}
{tag:Status, title:직원 25% 출근 완료, date:2022. 08. 11. 15:32:12}
{tag:Status, title:직원 0% 출근 완료, date:2022. 08. 11. 15:43:39}
{tag:Status, title:직원 0% 출근 완료, date:2022. 08. 11. 15:43:43}
{tag:Login, title:로그인 성공, name:김현빈, email:khb@naver.com, department:디자인팀, date:2022. 08. 11. 15:43:54}
{tag:Status, title:출근, name:김현빈, email:khb@naver.com, department:디자인팀, date:2022. 08. 11. 15:43:54}
{tag:Status, title:직원 25% 출근 완료, date:2022. 08. 11. 15:43:57}
{tag:Status, title:직원 25% 출근 완료, date:2022. 08. 11. 15:44:03}
{tag:Status, title:직원 25% 출근 완료, date:2022. 08. 11. 15:44:18}
{tag:Status, title:직원 25% 출근 완료, date:2022. 08. 11. 15:45:51}
{tag:Status, title:직원 25% 출근 완료, date:2022. 08. 11. 15:46:14}
{tag:Status, title:직원 25% 출근 완료, date:2022. 08. 11. 15:46:18}
{tag:Status, title:직원 25% 출근 완료, date:2022. 08. 11. 15:46:57}
{tag:Status, title:직원 0% 출근 완료, date:2022. 08. 11. 15:47:45}
{tag:Status, title:직원 0% 출근 완료, date:2022. 08. 11. 15:47:46}
{tag:Status, title:직원 0% 출근 완료, date:2022. 08. 11. 15:47:49}
{tag:Status, title:직원 0% 출근 완료, date:2022. 08. 11. 15:47:52}
{tag:Login, title:로그인 성공, name:김현빈, email:khb@naver.com, department:디자인팀, date:2022. 08. 11. 15:48:10}
{tag:Status, title:출근, name:김현빈, email:khb@naver.com, department:디자인팀, date:2022. 08. 11. 15:48:10}
{tag:Status, title:직원 0% 출근 완료, date:2022. 08. 11. 15:48:32}
{tag:Status, title:직원 0% 출근 완료, date:2022. 08. 11. 15:48:34}
{tag:Login, title:로그아웃, name:김현빈, email:khb@naver.com, department:디자인팀, date:2022. 08. 11. 15:48:56}
{tag:Status, title:퇴근, name:김현빈, email:khb@naver.com, department:디자인팀, date:2022. 08. 11. 15:48:56}
{tag:Login, title:로그인 성공, name:김현빈, email:khb@naver.com, department:디자인팀, date:2022. 08. 11. 15:58:20}
{tag:Status, title:출근, name:김현빈, email:khb@naver.com, department:디자인팀, date:2022. 08. 11. 15:58:20}
{tag:Status, title:직원 25% 출근 완료, date:2022. 08. 11. 15:58:26}
{tag:Status, title:직원 25% 출근 완료, date:2022. 08. 11. 15:59:18}
{tag:Status, title:직원 25% 출근 완료, date:2022. 08. 11. 15:59:22}
{tag:Status, title:직원 25% 출근 완료, date:2022. 08. 11. 15:59:37}
{tag:Status, title:직원 25% 출근 완료, date:2022. 08. 11. 16:00:21}
{tag:Status, title:직원 25% 출근 완료, date:2022. 08. 11. 16:01:27}
{tag:Status, title:직원 25% 출근 완료, date:2022. 08. 11. 16:01:40}
{tag:Status, title:직원 25% 출근 완료, date:2022. 08. 11. 16:01:41}
{tag:Status, title:직원 0% 출근 완료, date:2022. 08. 11. 16:02:27}
{tag:Status, title:직원 0% 출근 완료, date:2022. 08. 11. 16:02:30}
{tag:Login, title:로그인 성공, name:김현빈, email:khb@naver.com, department:디자인팀, date:2022. 08. 11. 16:15:35}
{tag:Status, title:출근, name:김현빈, email:khb@naver.com, department:디자인팀, date:2022. 08. 11. 16:15:35}
{tag:Login, title:로그인 성공, name:김현빈, email:khb@naver.com, department:디자인팀, date:2022. 08. 11. 16:15:42}
{tag:Status, title:출근, name:김현빈, email:khb@naver.com, department:디자인팀, date:2022. 08. 11. 16:15:42}
{tag:Status, title:직원 25% 출근 완료, date:2022. 08. 11. 16:28:46}
{tag:Status, title:직원 25% 출근 완료, date:2022. 08. 11. 16:30:41}{tag:@@Status, title:휴가, name:정재훈, email:jjh@naver.com, department:개발팀, date:2022. 08. 11. 16:51:08}
{tag:Status, title:직원 0% 출근 완료, date:2022. 08. 11. 17:01:00}
{tag:Status, title:직원 0% 출근 완료, date:2022. 08. 11. 18:00:21}
{tag:Status, title:직원 0% 출근 완료, date:2022. 08. 11. 18:00:22}
{tag:Status, title:직원 0% 출근 완료, date:2022. 08. 11. 18:00:23}
{tag:Status, title:직원 0% 출근 완료, date:2022. 08. 11. 18:00:24}
{tag:Status, title:직원 0% 출근 완료, date:2022. 08. 11. 18:00:25}
{tag:Status, title:직원 0% 출근 완료, date:2022. 08. 11. 18:00:26}
{tag:Status, title:직원 0% 출근 완료, date:2022. 08. 11. 18:00:27}
{tag:Status, title:직원 0% 출근 완료, date:2022. 08. 11. 18:00:28}
{tag:Status, title:직원 0% 출근 완료, date:2022. 08. 11. 18:00:29}
{tag:Status, title:직원 0% 출근 완료, date:2022. 08. 11. 18:00:30}
{tag:Login, title:로그인 성공, name:김은비, email:keb@naver.com, department:인사팀, date:2022. 08. 11. 19:56:48}
{tag:Status, title:출근, name:김은비, email:keb@naver.com, department:인사팀, date:2022. 08. 11. 19:56:48}
{tag:Login, title:로그인 성공, name:김은비, email:keb@naver.com, department:인사팀, date:2022. 08. 11. 20:43:01}
{tag:Status, title:출근, name:김은비, email:keb@naver.com, department:인사팀, date:2022. 08. 11. 20:43:01}
{tag:Login, title:로그인 성공, name:김은비, email:keb@naver.com, department:인사팀, date:2022. 08. 11. 20:46:03}
{tag:Work Status, title:출근, name:김은비, email:keb@naver.com, department:인사팀, date:2022. 08. 11. 20:46:03}
