{tag:Login, title:로그인 성공, name:김은비, email:keb@naver.com, department:인사팀, date:2022. 08. 10. 19:34:54}
{tag:Status, title:출근, name:김은비, email:keb@naver.com, department:인사팀, date:2022. 08. 10. 19:34:54}
{tag:@@Status, title:외근, name:김은비, email:keb@naver.com, department:인사팀, date:2022. 08. 10. 19:35:36}
{tag:Login, title:로그인 성공, name:김은비, email:keb@naver.com, department:인사팀, date:2022. 08. 10. 19:35:40}
{tag:Status, title:출근, name:김은비, email:keb@naver.com, department:인사팀, date:2022. 08. 10. 19:35:40}
{tag:Status, title:직원 0% 출근 완료, date:2022. 08. 10. 19:36:09}
{tag:@@Status, title:외근, name:김은비, email:keb@naver.com, department:인사팀, date:2022. 08. 10. 19:40:33}
{tag:Login, title:로그인 성공, name:김은비, email:keb@naver.com, department:인사팀, date:2022. 08. 10. 19:40:36}
{tag:Status, title:출근, name:김은비, email:keb@naver.com, department:인사팀, date:2022. 08. 10. 19:40:36}
{tag:@@Status, title:외근, name:김은비, email:keb@naver.com, department:인사팀, date:2022. 08. 10. 19:40:39}
{tag:Login, title:로그인 성공, name:김은비, email:keb@naver.com, department:인사팀, date:2022. 08. 10. 19:40:42}
{tag:Status, title:출근, name:김은비, email:keb@naver.com, department:인사팀, date:2022. 08. 10. 19:40:42}
{tag:Status, title:직원 0% 출근 완료, date:2022. 08. 10. 19:41:04}
{tag:Status, title:직원 0% 출근 완료, date:2022. 08. 10. 19:41:15}
{tag:@@Status, title:외근, name:김은비, email:keb@naver.com, department:인사팀, date:2022. 08. 10. 19:41:52}
{tag:Login, title:로그인 성공, name:김은비, email:keb@naver.com, department:인사팀, date:2022. 08. 10. 19:41:54}
{tag:Status, title:출근, name:김은비, email:keb@naver.com, department:인사팀, date:2022. 08. 10. 19:41:54}
{tag:Status, title:직원 0% 출근 완료, date:2022. 08. 10. 19:41:57}
{tag:@@Status, title:출장, name:김은비, email:keb@naver.com, department:인사팀, date:2022. 08. 10. 19:42:06}
{tag:Login, title:로그인 성공, name:김은비, email:keb@naver.com, department:인사팀, date:2022. 08. 10. 19:42:09}
{tag:Status, title:출근, name:김은비, email:keb@naver.com, department:인사팀, date:2022. 08. 10. 19:42:09}
{tag:Status, title:직원 0% 출근 완료, date:2022. 08. 10. 19:42:12}
